<?xml version="1.0" encoding="UTF-8"?>
<Site BuildName="Win32-ninja"
	BuildStamp="20240304-2302-Experimental"
	Name="niiad"
	Generator="ctest-3.28.1"
	CompilerName="C:/msys64/ucrt64/bin/c++.exe"
	CompilerVersion="13.2.0"
	OSName="Windows"
	Hostname="niiad"
	OSRelease=" Professional"
	OSVersion=" (Build 22631)"
	OSPlatform="AMD64"
	Is64Bits="1"
	VendorString=""
	VendorID="Unknown Manufacturer"
	FamilyID="0"
	ModelID="0"
	ProcessorCacheSize="0"
	NumberOfLogicalCPU="16"
	NumberOfPhysicalCPU="8"
	TotalVirtualMemory="17768"
	TotalPhysicalMemory="7528"
	LogicalProcessorsPerPhysical="2"
	ProcessorClockFrequency="3194"
	>
	<Testing>
		<StartDateTime>Mar 04 23:03 Coordinated Universal Time</StartDateTime>
		<StartTestTime>1709593412</StartTestTime>
		<TestList/>
		<EndDateTime>Mar 04 23:03 Coordinated Universal Time</EndDateTime>
		<EndTestTime>1709593412</EndTestTime>
		<ElapsedMinutes>0</ElapsedMinutes>
	</Testing>
</Site>
